{"timestamp":"2026-05-06T19:10:54.284904","level":"info","event":"DAG bundles loaded: dags-folder","logger":"airflow.dag_processing.bundles.manager.DagBundlesManager"}
{"timestamp":"2026-05-06T19:10:54.285337","level":"info","event":"Filling up the DagBag from /opt/airflow/dags/pipeline.py","logger":"airflow.models.dagbag.DagBag"}
{"timestamp":"2026-05-06T19:10:54.309888","level":"info","event":"Tmp dir root location: /tmp","logger":"airflow.task.hooks.airflow.providers.standard.hooks.subprocess.SubprocessHook"}
{"timestamp":"2026-05-06T19:10:54.310832","level":"info","event":"Running command: ['/usr/bin/bash', '-c', 'cd /opt/airflow/dbt_project/ && dbt run']","logger":"airflow.task.hooks.airflow.providers.standard.hooks.subprocess.SubprocessHook"}
{"timestamp":"2026-05-06T19:10:54.320066","level":"info","event":"Output:","logger":"airflow.task.hooks.airflow.providers.standard.hooks.subprocess.SubprocessHook"}
{"timestamp":"2026-05-06T19:10:56.437651","level":"info","event":"\u001b[0m19:10:56  Running with dbt=1.7.0","logger":"airflow.task.hooks.airflow.providers.standard.hooks.subprocess.SubprocessHook"}
{"timestamp":"2026-05-06T19:10:56.659665","level":"info","event":"\u001b[0m19:10:56  Registered adapter: postgres=1.7.0","logger":"airflow.task.hooks.airflow.providers.standard.hooks.subprocess.SubprocessHook"}
{"timestamp":"2026-05-06T19:10:56.691221","level":"info","event":"\u001b[0m19:10:56  Found 12 models, 9 tests, 0 sources, 0 exposures, 0 metrics, 402 macros, 0 groups, 0 semantic models","logger":"airflow.task.hooks.airflow.providers.standard.hooks.subprocess.SubprocessHook"}
{"timestamp":"2026-05-06T19:10:56.693278","level":"info","event":"\u001b[0m19:10:56","logger":"airflow.task.hooks.airflow.providers.standard.hooks.subprocess.SubprocessHook"}
{"timestamp":"2026-05-06T19:10:56.793459","level":"info","event":"\u001b[0m19:10:56  Concurrency: 4 threads (target='dev')","logger":"airflow.task.hooks.airflow.providers.standard.hooks.subprocess.SubprocessHook"}
{"timestamp":"2026-05-06T19:10:56.793901","level":"info","event":"\u001b[0m19:10:56","logger":"airflow.task.hooks.airflow.providers.standard.hooks.subprocess.SubprocessHook"}
{"timestamp":"2026-05-06T19:10:56.805380","level":"info","event":"\u001b[0m19:10:56  1 of 12 START sql view model raw.stg_ad_events ................................. [RUN]","logger":"airflow.task.hooks.airflow.providers.standard.hooks.subprocess.SubprocessHook"}
{"timestamp":"2026-05-06T19:10:56.807567","level":"info","event":"\u001b[0m19:10:56  2 of 12 START sql view model raw.stg_ads ....................................... [RUN]","logger":"airflow.task.hooks.airflow.providers.standard.hooks.subprocess.SubprocessHook"}
{"timestamp":"2026-05-06T19:10:56.809391","level":"info","event":"\u001b[0m19:10:56  3 of 12 START sql view model raw.stg_campaigns ................................. [RUN]","logger":"airflow.task.hooks.airflow.providers.standard.hooks.subprocess.SubprocessHook"}
{"timestamp":"2026-05-06T19:10:56.810099","level":"info","event":"\u001b[0m19:10:56  4 of 12 START sql view model raw.stg_users ..................................... [RUN]","logger":"airflow.task.hooks.airflow.providers.standard.hooks.subprocess.SubprocessHook"}
{"timestamp":"2026-05-06T19:10:57.023888","level":"info","event":"\u001b[0m19:10:57  3 of 12 OK created sql view model raw.stg_campaigns ............................ [\u001b[32mCREATE VIEW\u001b[0m in 0.21s]","logger":"airflow.task.hooks.airflow.providers.standard.hooks.subprocess.SubprocessHook"}
{"timestamp":"2026-05-06T19:10:57.037378","level":"info","event":"\u001b[0m19:10:57  5 of 12 START sql table model analytics.dim_campaigns .......................... [RUN]","logger":"airflow.task.hooks.airflow.providers.standard.hooks.subprocess.SubprocessHook"}
{"timestamp":"2026-05-06T19:10:57.046472","level":"info","event":"\u001b[0m19:10:57  2 of 12 OK created sql view model raw.stg_ads .................................. [\u001b[32mCREATE VIEW\u001b[0m in 0.23s]","logger":"airflow.task.hooks.airflow.providers.standard.hooks.subprocess.SubprocessHook"}
{"timestamp":"2026-05-06T19:10:57.054572","level":"info","event":"\u001b[0m19:10:57  1 of 12 OK created sql view model raw.stg_ad_events ............................ [\u001b[32mCREATE VIEW\u001b[0m in 0.24s]","logger":"airflow.task.hooks.airflow.providers.standard.hooks.subprocess.SubprocessHook"}
{"timestamp":"2026-05-06T19:10:57.055491","level":"info","event":"\u001b[0m19:10:57  4 of 12 OK created sql view model raw.stg_users ................................ [\u001b[32mCREATE VIEW\u001b[0m in 0.24s]","logger":"airflow.task.hooks.airflow.providers.standard.hooks.subprocess.SubprocessHook"}
{"timestamp":"2026-05-06T19:10:57.059857","level":"info","event":"\u001b[0m19:10:57  6 of 12 START sql table model analytics.dim_ads ................................ [RUN]","logger":"airflow.task.hooks.airflow.providers.standard.hooks.subprocess.SubprocessHook"}
{"timestamp":"2026-05-06T19:10:57.080825","level":"info","event":"\u001b[0m19:10:57  7 of 12 START sql table model analytics.dim_users .............................. [RUN]","logger":"airflow.task.hooks.airflow.providers.standard.hooks.subprocess.SubprocessHook"}
{"timestamp":"2026-05-06T19:10:57.165706","level":"info","event":"\u001b[0m19:10:57  6 of 12 OK created sql table model analytics.dim_ads ........................... [\u001b[32mSELECT 200\u001b[0m in 0.10s]","logger":"airflow.task.hooks.airflow.providers.standard.hooks.subprocess.SubprocessHook"}
{"timestamp":"2026-05-06T19:10:57.166103","level":"info","event":"\u001b[0m19:10:57  5 of 12 OK created sql table model analytics.dim_campaigns ..................... [\u001b[32mSELECT 50\u001b[0m in 0.12s]","logger":"airflow.task.hooks.airflow.providers.standard.hooks.subprocess.SubprocessHook"}
{"timestamp":"2026-05-06T19:10:57.180496","level":"info","event":"\u001b[0m19:10:57  7 of 12 OK created sql table model analytics.dim_users ......................... [\u001b[32mSELECT 9950\u001b[0m in 0.10s]","logger":"airflow.task.hooks.airflow.providers.standard.hooks.subprocess.SubprocessHook"}
{"timestamp":"2026-05-06T19:10:57.182545","level":"info","event":"\u001b[0m19:10:57  8 of 12 START sql table model analytics.fact_ad_events ......................... [RUN]","logger":"airflow.task.hooks.airflow.providers.standard.hooks.subprocess.SubprocessHook"}
{"timestamp":"2026-05-06T19:10:57.736908","level":"info","event":"\u001b[0m19:10:57  8 of 12 OK created sql table model analytics.fact_ad_events .................... [\u001b[32mSELECT 400000\u001b[0m in 0.55s]","logger":"airflow.task.hooks.airflow.providers.standard.hooks.subprocess.SubprocessHook"}
{"timestamp":"2026-05-06T19:10:57.740242","level":"info","event":"\u001b[0m19:10:57  9 of 12 START sql table model marts.ad_events_by_type .......................... [RUN]","logger":"airflow.task.hooks.airflow.providers.standard.hooks.subprocess.SubprocessHook"}
{"timestamp":"2026-05-06T19:10:57.741301","level":"info","event":"\u001b[0m19:10:57  10 of 12 START sql table model marts.campaign_summary .......................... [RUN]","logger":"airflow.task.hooks.airflow.providers.standard.hooks.subprocess.SubprocessHook"}
{"timestamp":"2026-05-06T19:10:57.741842","level":"info","event":"\u001b[0m19:10:57  11 of 12 START sql table model marts.daily_ad_performance ...................... [RUN]","logger":"airflow.task.hooks.airflow.providers.standard.hooks.subprocess.SubprocessHook"}
{"timestamp":"2026-05-06T19:10:57.743592","level":"info","event":"\u001b[0m19:10:57  12 of 12 START sql table model marts.user_conversion_funnel .................... [RUN]","logger":"airflow.task.hooks.airflow.providers.standard.hooks.subprocess.SubprocessHook"}
{"timestamp":"2026-05-06T19:10:57.863888","level":"info","event":"\u001b[0m19:10:57  9 of 12 OK created sql table model marts.ad_events_by_type ..................... [\u001b[32mSELECT 200\u001b[0m in 0.12s]","logger":"airflow.task.hooks.airflow.providers.standard.hooks.subprocess.SubprocessHook"}
{"timestamp":"2026-05-06T19:10:57.954487","level":"info","event":"\u001b[0m19:10:57  12 of 12 OK created sql table model marts.user_conversion_funnel ............... [\u001b[32mSELECT 9950\u001b[0m in 0.21s]","logger":"airflow.task.hooks.airflow.providers.standard.hooks.subprocess.SubprocessHook"}
{"timestamp":"2026-05-06T19:10:58.400094","level":"info","event":"\u001b[0m19:10:58  11 of 12 OK created sql table model marts.daily_ad_performance ................. [\u001b[32mSELECT 50935\u001b[0m in 0.65s]","logger":"airflow.task.hooks.airflow.providers.standard.hooks.subprocess.SubprocessHook"}
{"timestamp":"2026-05-06T19:10:58.408255","level":"info","event":"\u001b[0m19:10:58  10 of 12 OK created sql table model marts.campaign_summary ..................... [\u001b[32mSELECT 50\u001b[0m in 0.66s]","logger":"airflow.task.hooks.airflow.providers.standard.hooks.subprocess.SubprocessHook"}
{"timestamp":"2026-05-06T19:10:58.422432","level":"info","event":"\u001b[0m19:10:58","logger":"airflow.task.hooks.airflow.providers.standard.hooks.subprocess.SubprocessHook"}
{"timestamp":"2026-05-06T19:10:58.422805","level":"info","event":"\u001b[0m19:10:58  Finished running 4 view models, 8 table models in 0 hours 0 minutes and 1.73 seconds (1.73s).","logger":"airflow.task.hooks.airflow.providers.standard.hooks.subprocess.SubprocessHook"}
{"timestamp":"2026-05-06T19:10:58.433478","level":"info","event":"\u001b[0m19:10:58","logger":"airflow.task.hooks.airflow.providers.standard.hooks.subprocess.SubprocessHook"}
{"timestamp":"2026-05-06T19:10:58.433860","level":"info","event":"\u001b[0m19:10:58  \u001b[32mCompleted successfully\u001b[0m","logger":"airflow.task.hooks.airflow.providers.standard.hooks.subprocess.SubprocessHook"}
{"timestamp":"2026-05-06T19:10:58.434184","level":"info","event":"\u001b[0m19:10:58","logger":"airflow.task.hooks.airflow.providers.standard.hooks.subprocess.SubprocessHook"}
{"timestamp":"2026-05-06T19:10:58.434504","level":"info","event":"\u001b[0m19:10:58  Done. PASS=12 WARN=0 ERROR=0 SKIP=0 TOTAL=12","logger":"airflow.task.hooks.airflow.providers.standard.hooks.subprocess.SubprocessHook"}
{"timestamp":"2026-05-06T19:11:01.304816","level":"info","event":"Command exited with return code 0","logger":"airflow.task.hooks.airflow.providers.standard.hooks.subprocess.SubprocessHook"}
{"timestamp":"2026-05-06T19:11:01.305368","level":"info","event":"Pushing xcom","ti":"RuntimeTaskInstance(id=UUID('019dfeb3-40da-7686-8991-b025ee2216e6'), task_id='dbt_run', dag_id='dbt_pipeline', run_id='manual__2026-05-06T19:10:53.625309+00:00', try_number=1, map_index=-1, hostname='f8c43ab9995d', context_carrier=None, task=<Task(BashOperator): dbt_run>, bundle_instance=LocalDagBundle(name=dags-folder), max_tries=0, start_date=datetime.datetime(2026, 5, 6, 19, 10, 54, 111254, tzinfo=TzInfo(UTC)), end_date=None, is_mapped=False)","logger":"task"}
